2022-10-11T14:18:40+00:00 INFO Doing Task:set_settings
2022-10-11T14:18:40+00:00 INFO Task Done:set_settings
2022-10-11T14:18:40+00:00 INFO Doing Task:create_default_lists
2022-10-11T14:18:40+00:00 INFO Task Done:create_default_lists
2022-10-11T14:18:40+00:00 INFO Doing Task:create_contacts_and_add_to_list
2022-10-11T14:18:41+00:00 INFO Task Done:create_contacts_and_add_to_list
2022-10-11T14:18:41+00:00 INFO Doing Task:add_default_workflows
2022-10-11T14:18:41+00:00 INFO Task Done:add_default_workflows
2022-10-11T14:18:41+00:00 INFO Doing Task:create_default_newsletter_broadcast
2022-10-11T14:18:41+00:00 INFO Task Done:create_default_newsletter_broadcast
2022-10-11T14:18:41+00:00 INFO Doing Task:create_default_post_notification
2022-10-11T14:18:41+00:00 INFO Task Done:create_default_post_notification
2022-10-11T14:18:41+00:00 INFO Doing Task:create_default_subscription_form
2022-10-11T14:18:41+00:00 INFO Task Done:create_default_subscription_form
2022-10-11T14:18:41+00:00 INFO Doing Task:add_widget_to_sidebar
2022-10-11T14:18:41+00:00 INFO Task Done:add_widget_to_sidebar
2022-10-11T14:18:43+00:00 INFO Doing Task:queue_default_broadcast_newsletter
2022-10-11T14:18:43+00:00 INFO Task Done:queue_default_broadcast_newsletter
2022-10-11T14:18:45+00:00 INFO Doing Task:dispatch_emails_from_server
2022-10-11T14:18:50+00:00 INFO Task Failed:dispatch_emails_from_server
2022-10-11T14:19:12+00:00 INFO Doing Task:subscribe_to_es
2022-10-11T14:19:16+00:00 INFO Task Done:subscribe_to_es
2022-10-11T14:19:16+00:00 INFO Doing Task:save_final_configuration
2022-10-11T14:19:16+00:00 INFO Task Done:save_final_configuration
